{"C:\\Main\\Works\\projects\\RaikoMusics\\RaikoMusicsAPI\\src\\config\\index.js": {"path":"C:\\Main\\Works\\projects\\RaikoMusics\\RaikoMusicsAPI\\src\\config\\index.js","statementMap":{"0":{"start":{"line":3,"column":13},"end":{"line":3,"column":28}},"1":{"start":{"line":5,"column":20},"end":{"line":5,"column":36}},"2":{"start":{"line":7,"column":0},"end":{"line":10,"column":2}}},"fnMap":{},"branchMap":{},"s":{"0":3,"1":3,"2":3},"f":{},"b":{},"_coverageSchema":"1a1c01bbd47fc00a2c39e90264f33305004495a9","hash":"e16cd52170b68895fabf2f8c1b1256c814c883d7"}
,"C:\\Main\\Works\\projects\\RaikoMusics\\RaikoMusicsAPI\\src\\controllers\\music.controller.js": {"path":"C:\\Main\\Works\\projects\\RaikoMusics\\RaikoMusicsAPI\\src\\controllers\\music.controller.js","statementMap":{"0":{"start":{"line":1,"column":11},"end":{"line":1,"column":33}},"1":{"start":{"line":2,"column":13},"end":{"line":2,"column":28}},"2":{"start":{"line":3,"column":15},"end":{"line":3,"column":35}},"3":{"start":{"line":5,"column":20},"end":{"line":50,"column":1}},"4":{"start":{"line":6,"column":4},"end":{"line":49,"column":5}},"5":{"start":{"line":7,"column":34},"end":{"line":7,"column":42}},"6":{"start":{"line":10,"column":8},"end":{"line":16,"column":9}},"7":{"start":{"line":12,"column":12},"end":{"line":14,"column":13}},"8":{"start":{"line":13,"column":16},"end":{"line":13,"column":77}},"9":{"start":{"line":15,"column":12},"end":{"line":15,"column":103}},"10":{"start":{"line":19,"column":8},"end":{"line":24,"column":9}},"11":{"start":{"line":20,"column":12},"end":{"line":22,"column":13}},"12":{"start":{"line":21,"column":16},"end":{"line":21,"column":77}},"13":{"start":{"line":23,"column":12},"end":{"line":23,"column":116}},"14":{"start":{"line":26,"column":25},"end":{"line":26,"column":47}},"15":{"start":{"line":27,"column":26},"end":{"line":27,"column":49}},"16":{"start":{"line":29,"column":25},"end":{"line":34,"column":9}},"17":{"start":{"line":36,"column":8},"end":{"line":36,"column":105}},"18":{"start":{"line":38,"column":8},"end":{"line":38,"column":70}},"19":{"start":{"line":39,"column":8},"end":{"line":39,"column":50}},"20":{"start":{"line":40,"column":8},"end":{"line":40,"column":52}},"21":{"start":{"line":42,"column":8},"end":{"line":46,"column":11}},"22":{"start":{"line":48,"column":8},"end":{"line":48,"column":19}},"23":{"start":{"line":52,"column":21},"end":{"line":84,"column":1}},"24":{"start":{"line":53,"column":4},"end":{"line":83,"column":5}},"25":{"start":{"line":54,"column":29},"end":{"line":54,"column":65}},"26":{"start":{"line":56,"column":29},"end":{"line":73,"column":9}},"27":{"start":{"line":58,"column":16},"end":{"line":71,"column":17}},"28":{"start":{"line":59,"column":41},"end":{"line":59,"column":97}},"29":{"start":{"line":60,"column":40},"end":{"line":60,"column":71}},"30":{"start":{"line":61,"column":37},"end":{"line":61,"column":60}},"31":{"start":{"line":63,"column":20},"end":{"line":67,"column":22}},"32":{"start":{"line":69,"column":20},"end":{"line":69,"column":82}},"33":{"start":{"line":70,"column":20},"end":{"line":70,"column":32}},"34":{"start":{"line":75,"column":27},"end":{"line":75,"column":69}},"35":{"start":{"line":75,"column":55},"end":{"line":75,"column":68}},"36":{"start":{"line":77,"column":8},"end":{"line":80,"column":11}},"37":{"start":{"line":82,"column":8},"end":{"line":82,"column":20}},"38":{"start":{"line":87,"column":0},"end":{"line":90,"column":2}}},"fnMap":{"0":{"name":"(anonymous_0)","decl":{"start":{"line":5,"column":20},"end":{"line":5,"column":21}},"loc":{"start":{"line":5,"column":46},"end":{"line":50,"column":1}},"line":5},"1":{"name":"(anonymous_1)","decl":{"start":{"line":52,"column":21},"end":{"line":52,"column":22}},"loc":{"start":{"line":52,"column":47},"end":{"line":84,"column":1}},"line":52},"2":{"name":"(anonymous_2)","decl":{"start":{"line":57,"column":29},"end":{"line":57,"column":30}},"loc":{"start":{"line":57,"column":49},"end":{"line":72,"column":13}},"line":57},"3":{"name":"(anonymous_3)","decl":{"start":{"line":75,"column":47},"end":{"line":75,"column":48}},"loc":{"start":{"line":75,"column":55},"end":{"line":75,"column":68}},"line":75}},"branchMap":{"0":{"loc":{"start":{"line":10,"column":8},"end":{"line":16,"column":9}},"type":"if","locations":[{"start":{"line":10,"column":8},"end":{"line":16,"column":9}},{"start":{},"end":{}}],"line":10},"1":{"loc":{"start":{"line":10,"column":12},"end":{"line":10,"column":29}},"type":"binary-expr","locations":[{"start":{"line":10,"column":12},"end":{"line":10,"column":18}},{"start":{"line":10,"column":22},"end":{"line":10,"column":29}}],"line":10},"2":{"loc":{"start":{"line":12,"column":12},"end":{"line":14,"column":13}},"type":"if","locations":[{"start":{"line":12,"column":12},"end":{"line":14,"column":13}},{"start":{},"end":{}}],"line":12},"3":{"loc":{"start":{"line":19,"column":8},"end":{"line":24,"column":9}},"type":"if","locations":[{"start":{"line":19,"column":8},"end":{"line":24,"column":9}},{"start":{},"end":{}}],"line":19},"4":{"loc":{"start":{"line":19,"column":12},"end":{"line":19,"column":61}},"type":"binary-expr","locations":[{"start":{"line":19,"column":12},"end":{"line":19,"column":22}},{"start":{"line":19,"column":26},"end":{"line":19,"column":41}},{"start":{"line":19,"column":45},"end":{"line":19,"column":61}}],"line":19},"5":{"loc":{"start":{"line":20,"column":12},"end":{"line":22,"column":13}},"type":"if","locations":[{"start":{"line":20,"column":12},"end":{"line":22,"column":13}},{"start":{},"end":{}}],"line":20}},"s":{"0":2,"1":2,"2":2,"3":2,"4":6,"5":6,"6":6,"7":2,"8":1,"9":2,"10":4,"11":2,"12":1,"13":2,"14":2,"15":2,"16":2,"17":2,"18":1,"19":1,"20":1,"21":1,"22":1,"23":2,"24":3,"25":3,"26":2,"27":2,"28":2,"29":2,"30":1,"31":1,"32":1,"33":1,"34":2,"35":2,"36":2,"37":1,"38":2},"f":{"0":6,"1":3,"2":2,"3":2},"b":{"0":[2,4],"1":[6,4],"2":[1,1],"3":[2,2],"4":[4,4,2],"5":[1,1]},"_coverageSchema":"1a1c01bbd47fc00a2c39e90264f33305004495a9","hash":"24520c7c9f2b7dc35cc2eda3c79ef8baf0df942f"}
,"C:\\Main\\Works\\projects\\RaikoMusics\\RaikoMusicsAPI\\src\\middleware\\upload.middleware.js": {"path":"C:\\Main\\Works\\projects\\RaikoMusics\\RaikoMusicsAPI\\src\\middleware\\upload.middleware.js","statementMap":{"0":{"start":{"line":3,"column":15},"end":{"line":3,"column":32}},"1":{"start":{"line":4,"column":13},"end":{"line":4,"column":28}},"2":{"start":{"line":5,"column":11},"end":{"line":5,"column":24}},"3":{"start":{"line":6,"column":15},"end":{"line":6,"column":35}},"4":{"start":{"line":8,"column":19},"end":{"line":24,"column":1}},"5":{"start":{"line":9,"column":4},"end":{"line":23,"column":5}},"6":{"start":{"line":10,"column":8},"end":{"line":14,"column":9}},"7":{"start":{"line":11,"column":12},"end":{"line":11,"column":27}},"8":{"start":{"line":13,"column":12},"end":{"line":13,"column":84}},"9":{"start":{"line":15,"column":11},"end":{"line":23,"column":5}},"10":{"start":{"line":16,"column":8},"end":{"line":20,"column":9}},"11":{"start":{"line":17,"column":12},"end":{"line":17,"column":27}},"12":{"start":{"line":19,"column":12},"end":{"line":19,"column":101}},"13":{"start":{"line":22,"column":8},"end":{"line":22,"column":58}},"14":{"start":{"line":26,"column":16},"end":{"line":40,"column":2}},"15":{"start":{"line":29,"column":8},"end":{"line":33,"column":9}},"16":{"start":{"line":30,"column":28},"end":{"line":30,"column":89}},"17":{"start":{"line":31,"column":12},"end":{"line":31,"column":67}},"18":{"start":{"line":32,"column":12},"end":{"line":32,"column":61}},"19":{"start":{"line":34,"column":8},"end":{"line":34,"column":32}},"20":{"start":{"line":37,"column":23},"end":{"line":37,"column":75}},"21":{"start":{"line":38,"column":8},"end":{"line":38,"column":27}},"22":{"start":{"line":42,"column":15},"end":{"line":42,"column":67}},"23":{"start":{"line":43,"column":17},"end":{"line":43,"column":95}},"24":{"start":{"line":45,"column":21},"end":{"line":57,"column":1}},"25":{"start":{"line":46,"column":4},"end":{"line":56,"column":7}},"26":{"start":{"line":48,"column":8},"end":{"line":50,"column":9}},"27":{"start":{"line":49,"column":12},"end":{"line":49,"column":78}},"28":{"start":{"line":51,"column":8},"end":{"line":53,"column":9}},"29":{"start":{"line":52,"column":12},"end":{"line":52,"column":29}},"30":{"start":{"line":55,"column":8},"end":{"line":55,"column":15}},"31":{"start":{"line":59,"column":0},"end":{"line":59,"column":55}}},"fnMap":{"0":{"name":"(anonymous_0)","decl":{"start":{"line":8,"column":19},"end":{"line":8,"column":20}},"loc":{"start":{"line":8,"column":38},"end":{"line":24,"column":1}},"line":8},"1":{"name":"(anonymous_1)","decl":{"start":{"line":27,"column":17},"end":{"line":27,"column":18}},"loc":{"start":{"line":27,"column":42},"end":{"line":35,"column":5}},"line":27},"2":{"name":"(anonymous_2)","decl":{"start":{"line":36,"column":14},"end":{"line":36,"column":15}},"loc":{"start":{"line":36,"column":39},"end":{"line":39,"column":5}},"line":36},"3":{"name":"(anonymous_3)","decl":{"start":{"line":45,"column":21},"end":{"line":45,"column":22}},"loc":{"start":{"line":45,"column":41},"end":{"line":57,"column":1}},"line":45},"4":{"name":"(anonymous_4)","decl":{"start":{"line":46,"column":23},"end":{"line":46,"column":24}},"loc":{"start":{"line":46,"column":32},"end":{"line":56,"column":5}},"line":46},"5":{"name":"(anonymous_5)","decl":{"start":{"line":49,"column":67},"end":{"line":49,"column":68}},"loc":{"start":{"line":49,"column":73},"end":{"line":49,"column":76}},"line":49}},"branchMap":{"0":{"loc":{"start":{"line":9,"column":4},"end":{"line":23,"column":5}},"type":"if","locations":[{"start":{"line":9,"column":4},"end":{"line":23,"column":5}},{"start":{"line":15,"column":11},"end":{"line":23,"column":5}}],"line":9},"1":{"loc":{"start":{"line":10,"column":8},"end":{"line":14,"column":9}},"type":"if","locations":[{"start":{"line":10,"column":8},"end":{"line":14,"column":9}},{"start":{"line":12,"column":15},"end":{"line":14,"column":9}}],"line":10},"2":{"loc":{"start":{"line":15,"column":11},"end":{"line":23,"column":5}},"type":"if","locations":[{"start":{"line":15,"column":11},"end":{"line":23,"column":5}},{"start":{"line":21,"column":11},"end":{"line":23,"column":5}}],"line":15},"3":{"loc":{"start":{"line":16,"column":8},"end":{"line":20,"column":9}},"type":"if","locations":[{"start":{"line":16,"column":8},"end":{"line":20,"column":9}},{"start":{"line":18,"column":15},"end":{"line":20,"column":9}}],"line":16},"4":{"loc":{"start":{"line":29,"column":8},"end":{"line":33,"column":9}},"type":"if","locations":[{"start":{"line":29,"column":8},"end":{"line":33,"column":9}},{"start":{},"end":{}}],"line":29},"5":{"loc":{"start":{"line":37,"column":23},"end":{"line":37,"column":75}},"type":"cond-expr","locations":[{"start":{"line":37,"column":51},"end":{"line":37,"column":61}},{"start":{"line":37,"column":64},"end":{"line":37,"column":75}}],"line":37},"6":{"loc":{"start":{"line":48,"column":8},"end":{"line":50,"column":9}},"type":"if","locations":[{"start":{"line":48,"column":8},"end":{"line":50,"column":9}},{"start":{},"end":{}}],"line":48},"7":{"loc":{"start":{"line":48,"column":12},"end":{"line":48,"column":32}},"type":"binary-expr","locations":[{"start":{"line":48,"column":12},"end":{"line":48,"column":15}},{"start":{"line":48,"column":19},"end":{"line":48,"column":32}}],"line":48},"8":{"loc":{"start":{"line":51,"column":8},"end":{"line":53,"column":9}},"type":"if","locations":[{"start":{"line":51,"column":8},"end":{"line":53,"column":9}},{"start":{},"end":{}}],"line":51}},"s":{"0":2,"1":2,"2":2,"3":2,"4":2,"5":7,"6":2,"7":1,"8":1,"9":5,"10":4,"11":3,"12":1,"13":1,"14":2,"15":2,"16":1,"17":1,"18":1,"19":2,"20":2,"21":2,"22":2,"23":2,"24":2,"25":3,"26":3,"27":1,"28":3,"29":2,"30":1,"31":2},"f":{"0":7,"1":2,"2":2,"3":3,"4":3,"5":0},"b":{"0":[2,5],"1":[1,1],"2":[4,1],"3":[3,1],"4":[1,1],"5":[1,1],"6":[1,2],"7":[3,2],"8":[2,1]},"_coverageSchema":"1a1c01bbd47fc00a2c39e90264f33305004495a9","hash":"ae7fb16c94312ffb25452024afda06cdadda23cc"}
,"C:\\Main\\Works\\projects\\RaikoMusics\\RaikoMusicsAPI\\src\\routes\\music.route.js": {"path":"C:\\Main\\Works\\projects\\RaikoMusics\\RaikoMusicsAPI\\src\\routes\\music.route.js","statementMap":{"0":{"start":{"line":1,"column":16},"end":{"line":1,"column":34}},"1":{"start":{"line":2,"column":24},"end":{"line":2,"column":66}},"2":{"start":{"line":3,"column":25},"end":{"line":3,"column":67}},"3":{"start":{"line":5,"column":15},"end":{"line":5,"column":31}},"4":{"start":{"line":8,"column":0},"end":{"line":8,"column":66}},"5":{"start":{"line":9,"column":0},"end":{"line":9,"column":53}},"6":{"start":{"line":11,"column":0},"end":{"line":11,"column":24}}},"fnMap":{},"branchMap":{},"s":{"0":1,"1":1,"2":1,"3":1,"4":1,"5":1,"6":1},"f":{},"b":{},"_coverageSchema":"1a1c01bbd47fc00a2c39e90264f33305004495a9","hash":"bc841d0a10c127c0c80c553e7daa029b711682ed"}
}
