TN:
SF:src\config\index.js
FNF:0
FNH:0
DA:3,3
DA:5,3
DA:7,3
LF:3
LH:3
BRF:0
BRH:0
end_of_record
TN:
SF:src\controllers\music.controller.js
FN:5,(anonymous_0)
FN:52,(anonymous_1)
FN:57,(anonymous_2)
FN:75,(anonymous_3)
FNF:4
FNH:4
FNDA:6,(anonymous_0)
FNDA:3,(anonymous_1)
FNDA:2,(anonymous_2)
FNDA:2,(anonymous_3)
DA:1,2
DA:2,2
DA:3,2
DA:5,2
DA:6,6
DA:7,6
DA:10,6
DA:12,2
DA:13,1
DA:15,2
DA:19,4
DA:20,2
DA:21,1
DA:23,2
DA:26,2
DA:27,2
DA:29,2
DA:36,2
DA:38,1
DA:39,1
DA:40,1
DA:42,1
DA:48,1
DA:52,2
DA:53,3
DA:54,3
DA:56,2
DA:58,2
DA:59,2
DA:60,2
DA:61,1
DA:63,1
DA:69,1
DA:70,1
DA:75,2
DA:77,2
DA:82,1
DA:87,2
LF:38
LH:38
BRDA:10,0,0,2
BRDA:10,0,1,4
BRDA:10,1,0,6
BRDA:10,1,1,4
BRDA:12,2,0,1
BRDA:12,2,1,1
BRDA:19,3,0,2
BRDA:19,3,1,2
BRDA:19,4,0,4
BRDA:19,4,1,4
BRDA:19,4,2,2
BRDA:20,5,0,1
BRDA:20,5,1,1
BRF:13
BRH:13
end_of_record
TN:
SF:src\middleware\upload.middleware.js
FN:8,(anonymous_0)
FN:27,(anonymous_1)
FN:36,(anonymous_2)
FN:45,(anonymous_3)
FN:46,(anonymous_4)
FN:49,(anonymous_5)
FNF:6
FNH:5
FNDA:7,(anonymous_0)
FNDA:2,(anonymous_1)
FNDA:2,(anonymous_2)
FNDA:3,(anonymous_3)
FNDA:3,(anonymous_4)
FNDA:0,(anonymous_5)
DA:3,2
DA:4,2
DA:5,2
DA:6,2
DA:8,2
DA:9,7
DA:10,2
DA:11,1
DA:13,1
DA:15,5
DA:16,4
DA:17,3
DA:19,1
DA:22,1
DA:26,2
DA:29,2
DA:30,1
DA:31,1
DA:32,1
DA:34,2
DA:37,2
DA:38,2
DA:42,2
DA:43,2
DA:45,2
DA:46,3
DA:48,3
DA:49,1
DA:51,3
DA:52,2
DA:55,1
DA:59,2
LF:32
LH:32
BRDA:9,0,0,2
BRDA:9,0,1,5
BRDA:10,1,0,1
BRDA:10,1,1,1
BRDA:15,2,0,4
BRDA:15,2,1,1
BRDA:16,3,0,3
BRDA:16,3,1,1
BRDA:29,4,0,1
BRDA:29,4,1,1
BRDA:37,5,0,1
BRDA:37,5,1,1
BRDA:48,6,0,1
BRDA:48,6,1,2
BRDA:48,7,0,3
BRDA:48,7,1,2
BRDA:51,8,0,2
BRDA:51,8,1,1
BRF:18
BRH:18
end_of_record
TN:
SF:src\routes\music.route.js
FNF:0
FNH:0
DA:1,1
DA:2,1
DA:3,1
DA:5,1
DA:8,1
DA:9,1
DA:11,1
LF:7
LH:7
BRF:0
BRH:0
end_of_record
